*****************************************************************
      SolidWorks Corporation - IGES Processor Status Report
*****************************************************************
=================================================================
General Information
=================================================================
Sending System Product I.D.  : Y-Axis LM8UU Bearing
Receiving System Product I.D.: Y-Axis LM8UU Bearing
File Name                    : No Iges File Name specified
Sending System               : Autodesk Inventor 2013
Preprocessor Version         : AutoDesk Inventor Iges Exporter R2013
File Creation Date           : 20130613.173246
Model Creation Date          : 
Units                        : IN
Model Space Scale            : 1
Author                       : Nathan Bronec
Organization                 : 


=================================================================
Entity Processing Information
=================================================================


=================================================================
Precision analysis of IGES file:
=================================================================
  Most prevalent number of significant digits:              14
  Highest number of significant digits:                     14
  Average number of significant digits:                13.0321
  Maximum distance to origin:                          2.24496
  Minimum distance to origin:                                0
  Effective number of significant digits:                   14


=================================================================
Entity Summary
=================================================================
-----------------------------------------------------------------
Type Name                                         Count Converted
---- ----                                         ----- ---------
126  Rational B-spline curve                         40        40
128  Rational B-spline surface                       16        16
186  Manifold Solid B-rep Object                      1         1
314  Color definition                                 1         1
406  Property                                         1         1
502  Vertex list                                      1         1
504  Edge entity                                      1         1
508  Loop entity                                     22        22
510  Face entity                                     16        16
514  Shell entity                                     1         1
_________________________________________________________________


=================================================================
Result Summary
=================================================================
SolidWorks Feature Type                Count
-----------------------                -----
Solid feature(s)                       1
Surface feature(s)                     0
Curve/Sketch feature(s)                0
--------------------------------------------
Start time: Monday, January 11, 2016 08:18:19
Finish time: Monday, January 11, 2016 08:18:20
Processing time: 0 days, 00 hours, 00 mins, 01 secs
